<?xml version="1.0" encoding="UTF-8"?>
<!-- Generated by org.testng.reporters.JUnitReportReporter -->
<testsuite hostname="LTIN317679" failures="0" tests="2" name="SeleniumFramework.Tests.StandAloneTestforpageobjectTest" time="61.674" errors="0" timestamp="2024-07-06T18:13:41 IST" skipped="0">
  <testcase classname="SeleniumFramework.Tests.StandAloneTestforpageobjectTest" name="StandAloneTestforpageobject" time="31.507"/>
  <testcase classname="SeleniumFramework.Tests.StandAloneTestforpageobjectTest" name="StandAloneTestforpageobject" time="30.167"/>
</testsuite> <!-- SeleniumFramework.Tests.StandAloneTestforpageobjectTest -->
