<?xml version="1.0" encoding="UTF-8"?>
<!-- Generated by org.testng.reporters.JUnitReportReporter -->
<testsuite hostname="LTIN317679" failures="0" tests="3" name="SeleniumFramework.Tests.StandAloneTestforpageobjectTest" time="80.169" errors="0" timestamp="2024-07-10T15:51:40 IST" skipped="0">
  <testcase classname="SeleniumFramework.Tests.StandAloneTestforpageobjectTest" name="StandAloneTestforpageobject" time="34.350"/>
  <testcase classname="SeleniumFramework.Tests.StandAloneTestforpageobjectTest" name="orderHistoryTest" time="11.632"/>
  <testcase classname="SeleniumFramework.Tests.StandAloneTestforpageobjectTest" name="StandAloneTestforpageobject" time="34.187"/>
</testsuite> <!-- SeleniumFramework.Tests.StandAloneTestforpageobjectTest -->
