<?xml version="1.0" encoding="UTF-8"?>
<!-- Generated by org.testng.reporters.JUnitReportReporter -->
<testsuite hostname="LTIN317679" failures="0" tests="1" name="SeleniumFramework.Tests.StandAloneTestforpageobject" time="12.785" errors="0" timestamp="2024-06-23T13:32:28 IST" skipped="0">
  <testcase classname="SeleniumFramework.Tests.StandAloneTestforpageobject" name="StandAloneTestforpageobject" time="12.785"/>
</testsuite> <!-- SeleniumFramework.Tests.StandAloneTestforpageobject -->
