<?xml version="1.0" encoding="UTF-8"?>
<!-- Generated by org.testng.reporters.JUnitReportReporter -->
<testsuite hostname="LTIN317679" failures="0" tests="1" name="cucumber.testNgTestRunner" time="61.094" errors="0" timestamp="2024-07-05T19:10:01 IST" skipped="0">
  <testcase classname="cucumber.testNgTestRunner" name="runScenario" time="61.094"/>
</testsuite> <!-- cucumber.testNgTestRunner -->
