<?xml version="1.0" encoding="UTF-8"?>
<!-- Generated by org.testng.reporters.JUnitReportReporter -->
<testsuite hostname="LTIN317679" failures="0" tests="2" name="SeleniumFramework.Tests.StandAloneTestforpageobjectTest" time="76.258" errors="0" timestamp="2024-07-15T14:36:25 IST" skipped="0">
  <testcase classname="SeleniumFramework.Tests.StandAloneTestforpageobjectTest" name="StandAloneTestforpageobject" time="36.083"/>
  <testcase classname="SeleniumFramework.Tests.StandAloneTestforpageobjectTest" name="StandAloneTestforpageobject" time="40.175"/>
</testsuite> <!-- SeleniumFramework.Tests.StandAloneTestforpageobjectTest -->
