<?xml version="1.0" encoding="UTF-8"?>
<!-- Generated by org.testng.reporters.JUnitReportReporter -->
<testsuite hostname="LTIN317679" failures="0" tests="2" name="SeleniumFramework.Tests.StandAloneTestforpageobjectTest" time="45.932" errors="0" timestamp="2024-07-06T18:17:03 IST" skipped="0">
  <testcase classname="SeleniumFramework.Tests.StandAloneTestforpageobjectTest" name="StandAloneTestforpageobject" time="35.241"/>
  <testcase classname="SeleniumFramework.Tests.StandAloneTestforpageobjectTest" name="StandAloneTestforpageobject" time="10.691"/>
</testsuite> <!-- SeleniumFramework.Tests.StandAloneTestforpageobjectTest -->
